<?xml version="1.0" encoding="UTF-8"?>
<!-- Generated by org.testng.reporters.JUnitReportReporter -->
<testsuite hostname="saurabh-gloify" failures="0" tests="1" name="com.base.Excel" time="1.094" errors="0" timestamp="2023-03-28T16:38:56 IST" skipped="0">
  <testcase classname="com.base.Excel" name="readfile" time="1.094"/>
  <system-out/>
</testsuite> <!-- com.base.Excel -->
